<?xml version="1.0" encoding="UTF-8"?>
<coverage generated="1714726724">
  <project timestamp="1714726724">
    <file name="/Users/korben/umbrellio/laravel-pg-extensions/src/Compilers/AttachPartitionCompiler.php">
      <class name="Umbrellio\Postgres\Compilers\AttachPartitionCompiler" namespace="global">
        <metrics complexity="6" methods="3" coveredmethods="3" conditionals="9" coveredconditionals="9" statements="17" coveredstatements="17" elements="29" coveredelements="29"/>
      </class>
      <line num="15" type="method" name="compile" visibility="public" complexity="1" crap="1" count="4"/>
      <line num="17" type="stmt" count="4"/>
      <line num="18" type="stmt" count="4"/>
      <line num="19" type="stmt" count="4"/>
      <line num="20" type="stmt" count="4"/>
      <line num="21" type="stmt" count="4"/>
      <line num="22" type="stmt" count="4"/>
      <line num="25" type="method" name="compileForValues" visibility="private" complexity="2" crap="2" count="4"/>
      <line num="27" type="stmt" count="4"/>
      <line num="28" type="stmt" count="4"/>
      <line num="29" type="stmt" count="3"/>
      <line num="30" type="stmt" count="3"/>
      <line num="31" type="stmt" count="3"/>
      <line num="34" type="stmt" count="1"/>
      <line num="37" type="method" name="formatValue" visibility="private" complexity="3" crap="3" count="3"/>
      <line num="39" type="stmt" count="3"/>
      <line num="40" type="stmt" count="1"/>
      <line num="43" type="stmt" count="2"/>
      <line num="44" type="stmt" count="1"/>
      <line num="47" type="stmt" count="1"/>
      <metrics loc="50" ncloc="50" classes="1" methods="3" coveredmethods="3" conditionals="9" coveredconditionals="9" statements="17" coveredstatements="17" elements="29" coveredelements="29"/>
    </file>
    <file name="/Users/korben/umbrellio/laravel-pg-extensions/src/Compilers/CheckCompiler.php">
      <class name="Umbrellio\Postgres\Compilers\CheckCompiler" namespace="global">
        <metrics complexity="1" methods="1" coveredmethods="1" conditionals="1" coveredconditionals="1" statements="7" coveredstatements="7" elements="9" coveredelements="9"/>
      </class>
      <line num="16" type="method" name="compile" visibility="public" complexity="1" crap="1" count="3"/>
      <line num="18" type="stmt" count="3"/>
      <line num="20" type="stmt" count="3"/>
      <line num="21" type="stmt" count="3"/>
      <line num="22" type="stmt" count="3"/>
      <line num="23" type="stmt" count="3"/>
      <line num="24" type="stmt" count="3"/>
      <line num="25" type="stmt" count="3"/>
      <metrics loc="28" ncloc="28" classes="1" methods="1" coveredmethods="1" conditionals="1" coveredconditionals="1" statements="7" coveredstatements="7" elements="9" coveredelements="9"/>
    </file>
    <file name="/Users/korben/umbrellio/laravel-pg-extensions/src/Compilers/CreateCompiler.php">
      <class name="Umbrellio\Postgres\Compilers\CreateCompiler" namespace="global">
        <metrics complexity="8" methods="2" coveredmethods="1" conditionals="5" coveredconditionals="4" statements="2" coveredstatements="2" elements="9" coveredelements="7"/>
      </class>
      <line num="31" type="method" name="beforeTable" visibility="private" complexity="2" crap="2.50" count="28"/>
      <line num="33" type="stmt" count="28"/>
      <line num="46" type="method" name="compileColumns" visibility="private" complexity="1" crap="1" count="28"/>
      <line num="48" type="stmt" count="28"/>
      <metrics loc="51" ncloc="45" classes="1" methods="2" coveredmethods="1" conditionals="5" coveredconditionals="4" statements="2" coveredstatements="2" elements="9" coveredelements="7"/>
    </file>
    <file name="/Users/korben/umbrellio/laravel-pg-extensions/src/Compilers/CreateFunctionCompiler.php">
      <class name="Umbrellio\Postgres\Compilers\CreateFunctionCompiler" namespace="global">
        <metrics complexity="1" methods="1" coveredmethods="0" conditionals="0" coveredconditionals="0" statements="1" coveredstatements="0" elements="2" coveredelements="0"/>
      </class>
      <line num="13" type="method" name="compile" visibility="public" complexity="1" crap="2" count="0"/>
      <line num="15" type="stmt" count="0"/>
      <metrics loc="18" ncloc="18" classes="1" methods="1" coveredmethods="0" conditionals="0" coveredconditionals="0" statements="1" coveredstatements="0" elements="2" coveredelements="0"/>
    </file>
    <file name="/Users/korben/umbrellio/laravel-pg-extensions/src/Compilers/CreateProcedureCompiler.php">
      <class name="Umbrellio\Postgres\Compilers\CreateProcedureCompiler" namespace="global">
        <metrics complexity="1" methods="1" coveredmethods="0" conditionals="0" coveredconditionals="0" statements="1" coveredstatements="0" elements="2" coveredelements="0"/>
      </class>
      <line num="13" type="method" name="compile" visibility="public" complexity="1" crap="2" count="0"/>
      <line num="15" type="stmt" count="0"/>
      <metrics loc="18" ncloc="18" classes="1" methods="1" coveredmethods="0" conditionals="0" coveredconditionals="0" statements="1" coveredstatements="0" elements="2" coveredelements="0"/>
    </file>
    <file name="/Users/korben/umbrellio/laravel-pg-extensions/src/Compilers/CreateTriggerCompiler.php">
      <class name="Umbrellio\Postgres\Compilers\CreateTriggerCompiler" namespace="global">
        <metrics complexity="1" methods="1" coveredmethods="0" conditionals="0" coveredconditionals="0" statements="1" coveredstatements="0" elements="2" coveredelements="0"/>
      </class>
      <line num="13" type="method" name="compile" visibility="public" complexity="1" crap="2" count="0"/>
      <line num="15" type="stmt" count="0"/>
      <metrics loc="18" ncloc="18" classes="1" methods="1" coveredmethods="0" conditionals="0" coveredconditionals="0" statements="1" coveredstatements="0" elements="2" coveredelements="0"/>
    </file>
    <file name="/Users/korben/umbrellio/laravel-pg-extensions/src/Compilers/DropFunctionCompiler.php">
      <class name="Umbrellio\Postgres\Compilers\DropFunctionCompiler" namespace="global">
        <metrics complexity="1" methods="1" coveredmethods="0" conditionals="0" coveredconditionals="0" statements="1" coveredstatements="0" elements="2" coveredelements="0"/>
      </class>
      <line num="13" type="method" name="compile" visibility="public" complexity="1" crap="2" count="0"/>
      <line num="15" type="stmt" count="0"/>
      <metrics loc="18" ncloc="18" classes="1" methods="1" coveredmethods="0" conditionals="0" coveredconditionals="0" statements="1" coveredstatements="0" elements="2" coveredelements="0"/>
    </file>
    <file name="/Users/korben/umbrellio/laravel-pg-extensions/src/Compilers/DropProcedureCompiler.php">
      <class name="Umbrellio\Postgres\Compilers\DropProcedureCompiler" namespace="global">
        <metrics complexity="1" methods="1" coveredmethods="0" conditionals="0" coveredconditionals="0" statements="1" coveredstatements="0" elements="2" coveredelements="0"/>
      </class>
      <line num="13" type="method" name="compile" visibility="public" complexity="1" crap="2" count="0"/>
      <line num="15" type="stmt" count="0"/>
      <metrics loc="18" ncloc="18" classes="1" methods="1" coveredmethods="0" conditionals="0" coveredconditionals="0" statements="1" coveredstatements="0" elements="2" coveredelements="0"/>
    </file>
    <file name="/Users/korben/umbrellio/laravel-pg-extensions/src/Compilers/DropTriggerCompiler.php">
      <class name="Umbrellio\Postgres\Compilers\DropTriggerCompiler" namespace="global">
        <metrics complexity="1" methods="1" coveredmethods="0" conditionals="0" coveredconditionals="0" statements="1" coveredstatements="0" elements="2" coveredelements="0"/>
      </class>
      <line num="13" type="method" name="compile" visibility="public" complexity="1" crap="2" count="0"/>
      <line num="15" type="stmt" count="0"/>
      <metrics loc="18" ncloc="18" classes="1" methods="1" coveredmethods="0" conditionals="0" coveredconditionals="0" statements="1" coveredstatements="0" elements="2" coveredelements="0"/>
    </file>
    <file name="/Users/korben/umbrellio/laravel-pg-extensions/src/Compilers/ExcludeCompiler.php">
      <class name="Umbrellio\Postgres\Compilers\ExcludeCompiler" namespace="global">
        <metrics complexity="10" methods="6" coveredmethods="6" conditionals="14" coveredconditionals="14" statements="30" coveredstatements="30" elements="50" coveredelements="50"/>
      </class>
      <line num="17" type="method" name="compile" visibility="public" complexity="1" crap="1" count="6"/>
      <line num="19" type="stmt" count="6"/>
      <line num="20" type="stmt" count="6"/>
      <line num="21" type="stmt" count="6"/>
      <line num="22" type="stmt" count="6"/>
      <line num="23" type="stmt" count="6"/>
      <line num="24" type="stmt" count="6"/>
      <line num="25" type="stmt" count="6"/>
      <line num="26" type="stmt" count="6"/>
      <line num="29" type="method" name="compileExclude" visibility="private" complexity="1" crap="1" count="6"/>
      <line num="31" type="stmt" count="6"/>
      <line num="32" type="stmt" count="6"/>
      <line num="33" type="stmt" count="6"/>
      <line num="34" type="stmt" count="6"/>
      <line num="36" type="stmt" count="6"/>
      <line num="39" type="method" name="compileWith" visibility="private" complexity="2" crap="2" count="6"/>
      <line num="41" type="stmt" count="6"/>
      <line num="42" type="stmt" count="6"/>
      <line num="43" type="stmt" count="1"/>
      <line num="44" type="stmt" count="6"/>
      <line num="46" type="stmt" count="6"/>
      <line num="47" type="stmt" count="1"/>
      <line num="50" type="stmt" count="5"/>
      <line num="53" type="method" name="compileTablespace" visibility="private" complexity="2" crap="2" count="6"/>
      <line num="55" type="stmt" count="6"/>
      <line num="56" type="stmt" count="1"/>
      <line num="59" type="stmt" count="5"/>
      <line num="62" type="method" name="compileMethod" visibility="private" complexity="2" crap="2" count="6"/>
      <line num="64" type="stmt" count="6"/>
      <line num="65" type="stmt" count="2"/>
      <line num="68" type="stmt" count="4"/>
      <line num="71" type="method" name="compileWheres" visibility="private" complexity="2" crap="2" count="6"/>
      <line num="73" type="stmt" count="6"/>
      <line num="75" type="stmt" count="6"/>
      <line num="76" type="stmt" count="3"/>
      <line num="79" type="stmt" count="3"/>
      <metrics loc="82" ncloc="82" classes="1" methods="6" coveredmethods="6" conditionals="14" coveredconditionals="14" statements="30" coveredstatements="30" elements="50" coveredelements="50"/>
    </file>
    <file name="/Users/korben/umbrellio/laravel-pg-extensions/src/Compilers/Traits/WheresBuilder.php">
      <class name="Umbrellio\Postgres\Compilers\Traits\WheresBuilder" namespace="global">
        <metrics complexity="16" methods="12" coveredmethods="12" conditionals="21" coveredconditionals="21" statements="52" coveredstatements="52" elements="85" coveredelements="85"/>
      </class>
      <line num="13" type="method" name="whereRaw" visibility="protected" complexity="1" crap="1" count="2"/>
      <line num="15" type="stmt" count="2"/>
      <line num="16" type="stmt" count="2"/>
      <line num="17" type="stmt" count="2"/>
      <line num="18" type="stmt" count="2"/>
      <line num="21" type="method" name="whereBasic" visibility="protected" complexity="1" crap="1" count="2"/>
      <line num="23" type="stmt" count="2"/>
      <line num="24" type="stmt" count="2"/>
      <line num="25" type="stmt" count="2"/>
      <line num="26" type="stmt" count="2"/>
      <line num="27" type="stmt" count="2"/>
      <line num="30" type="method" name="whereColumn" visibility="protected" complexity="1" crap="1" count="3"/>
      <line num="32" type="stmt" count="3"/>
      <line num="33" type="stmt" count="3"/>
      <line num="34" type="stmt" count="3"/>
      <line num="35" type="stmt" count="3"/>
      <line num="36" type="stmt" count="3"/>
      <line num="39" type="method" name="whereIn" visibility="protected" complexity="2" crap="2" count="3"/>
      <line num="41" type="stmt" count="3"/>
      <line num="42" type="stmt" count="2"/>
      <line num="43" type="stmt" count="2"/>
      <line num="44" type="stmt" count="2"/>
      <line num="45" type="stmt" count="2"/>
      <line num="46" type="stmt" count="2"/>
      <line num="48" type="stmt" count="1"/>
      <line num="51" type="method" name="whereNotIn" visibility="protected" complexity="2" crap="2" count="2"/>
      <line num="53" type="stmt" count="2"/>
      <line num="54" type="stmt" count="1"/>
      <line num="55" type="stmt" count="1"/>
      <line num="56" type="stmt" count="1"/>
      <line num="57" type="stmt" count="1"/>
      <line num="58" type="stmt" count="1"/>
      <line num="60" type="stmt" count="1"/>
      <line num="63" type="method" name="whereNull" visibility="protected" complexity="1" crap="1" count="4"/>
      <line num="65" type="stmt" count="4"/>
      <line num="68" type="method" name="whereNotNull" visibility="protected" complexity="1" crap="1" count="2"/>
      <line num="70" type="stmt" count="2"/>
      <line num="73" type="method" name="whereBetween" visibility="protected" complexity="2" crap="2" count="2"/>
      <line num="75" type="stmt" count="2"/>
      <line num="76" type="stmt" count="2"/>
      <line num="77" type="stmt" count="2"/>
      <line num="78" type="stmt" count="2"/>
      <line num="79" type="stmt" count="2"/>
      <line num="80" type="stmt" count="2"/>
      <line num="81" type="stmt" count="2"/>
      <line num="84" type="method" name="wrapValues" visibility="protected" complexity="1" crap="1" count="5"/>
      <line num="86" type="stmt" count="5"/>
      <line num="87" type="stmt" count="4"/>
      <line num="88" type="stmt" count="5"/>
      <line num="91" type="method" name="wrapValue" visibility="protected" complexity="2" crap="2" count="9"/>
      <line num="93" type="stmt" count="9"/>
      <line num="94" type="stmt" count="3"/>
      <line num="96" type="stmt" count="7"/>
      <line num="99" type="method" name="removeLeadingBoolean" visibility="protected" complexity="1" crap="1" count="18"/>
      <line num="101" type="stmt" count="18"/>
      <line num="104" type="method" name="build" visibility="private" complexity="1" crap="1" count="21"/>
      <line num="106" type="stmt" count="21"/>
      <line num="107" type="stmt" count="21"/>
      <line num="108" type="stmt" count="18"/>
      <line num="109" type="stmt" count="18"/>
      <line num="110" type="stmt" count="18"/>
      <line num="111" type="stmt" count="18"/>
      <line num="112" type="stmt" count="21"/>
      <line num="113" type="stmt" count="21"/>
      <metrics loc="116" ncloc="116" classes="1" methods="12" coveredmethods="12" conditionals="21" coveredconditionals="21" statements="52" coveredstatements="52" elements="85" coveredelements="85"/>
    </file>
    <file name="/Users/korben/umbrellio/laravel-pg-extensions/src/Compilers/UniqueCompiler.php">
      <class name="Umbrellio\Postgres\Compilers\UniqueCompiler" namespace="global">
        <metrics complexity="1" methods="1" coveredmethods="1" conditionals="1" coveredconditionals="1" statements="8" coveredstatements="8" elements="10" coveredelements="10"/>
      </class>
      <line num="17" type="method" name="compile" visibility="public" complexity="1" crap="1" count="12"/>
      <line num="23" type="stmt" count="12"/>
      <line num="25" type="stmt" count="12"/>
      <line num="26" type="stmt" count="12"/>
      <line num="27" type="stmt" count="12"/>
      <line num="28" type="stmt" count="12"/>
      <line num="29" type="stmt" count="12"/>
      <line num="30" type="stmt" count="12"/>
      <line num="31" type="stmt" count="12"/>
      <metrics loc="34" ncloc="34" classes="1" methods="1" coveredmethods="1" conditionals="1" coveredconditionals="1" statements="8" coveredstatements="8" elements="10" coveredelements="10"/>
    </file>
    <file name="/Users/korben/umbrellio/laravel-pg-extensions/src/Connectors/ConnectionFactory.php">
      <class name="Umbrellio\Postgres\Connectors\ConnectionFactory" namespace="global">
        <metrics complexity="3" methods="1" coveredmethods="1" conditionals="5" coveredconditionals="5" statements="6" coveredstatements="6" elements="12" coveredelements="12"/>
      </class>
      <line num="13" type="method" name="createConnection" visibility="protected" complexity="3" crap="3" count="30"/>
      <line num="15" type="stmt" count="30"/>
      <line num="16" type="stmt" count="30"/>
      <line num="17" type="stmt" count="1"/>
      <line num="20" type="stmt" count="30"/>
      <line num="21" type="stmt" count="30"/>
      <line num="24" type="stmt" count="1"/>
      <metrics loc="27" ncloc="27" classes="1" methods="1" coveredmethods="1" conditionals="5" coveredconditionals="5" statements="6" coveredstatements="6" elements="12" coveredelements="12"/>
    </file>
    <file name="/Users/korben/umbrellio/laravel-pg-extensions/src/Extensions/AbstractComponent.php">
      <class name="Umbrellio\Postgres\Extensions\AbstractComponent" namespace="global">
        <metrics complexity="0" methods="0" coveredmethods="0" conditionals="0" coveredconditionals="0" statements="0" coveredstatements="0" elements="0" coveredelements="0"/>
      </class>
      <metrics loc="10" ncloc="10" classes="0" methods="0" coveredmethods="0" conditionals="0" coveredconditionals="0" statements="0" coveredstatements="0" elements="0" coveredelements="0"/>
    </file>
    <file name="/Users/korben/umbrellio/laravel-pg-extensions/src/Extensions/AbstractExtension.php">
      <class name="Umbrellio\Postgres\Extensions\AbstractExtension" namespace="global">
        <metrics complexity="4" methods="0" coveredmethods="0" conditionals="0" coveredconditionals="0" statements="0" coveredstatements="0" elements="0" coveredelements="0"/>
      </class>
      <metrics loc="43" ncloc="39" classes="0" methods="0" coveredmethods="0" conditionals="0" coveredconditionals="0" statements="0" coveredstatements="0" elements="0" coveredelements="0"/>
    </file>
    <file name="/Users/korben/umbrellio/laravel-pg-extensions/src/Extensions/Connectors/AbstractConnection.php">
      <class name="Umbrellio\Postgres\Extensions\Connectors\AbstractConnection" namespace="global">
        <metrics complexity="0" methods="0" coveredmethods="0" conditionals="0" coveredconditionals="0" statements="0" coveredstatements="0" elements="0" coveredelements="0"/>
      </class>
      <metrics loc="16" ncloc="13" classes="0" methods="0" coveredmethods="0" conditionals="0" coveredconditionals="0" statements="0" coveredstatements="0" elements="0" coveredelements="0"/>
    </file>
    <file name="/Users/korben/umbrellio/laravel-pg-extensions/src/Extensions/Exceptions/ExtensionInvalidException.php">
      <class name="Umbrellio\Postgres\Extensions\Exceptions\ExtensionInvalidException" namespace="global">
        <metrics complexity="0" methods="0" coveredmethods="0" conditionals="0" coveredconditionals="0" statements="0" coveredstatements="0" elements="0" coveredelements="0"/>
      </class>
      <metrics loc="12" ncloc="12" classes="0" methods="0" coveredmethods="0" conditionals="0" coveredconditionals="0" statements="0" coveredstatements="0" elements="0" coveredelements="0"/>
    </file>
    <file name="/Users/korben/umbrellio/laravel-pg-extensions/src/Extensions/Exceptions/MacroableMissedException.php">
      <class name="Umbrellio\Postgres\Extensions\Exceptions\MacroableMissedException" namespace="global">
        <metrics complexity="0" methods="0" coveredmethods="0" conditionals="0" coveredconditionals="0" statements="0" coveredstatements="0" elements="0" coveredelements="0"/>
      </class>
      <metrics loc="12" ncloc="12" classes="0" methods="0" coveredmethods="0" conditionals="0" coveredconditionals="0" statements="0" coveredstatements="0" elements="0" coveredelements="0"/>
    </file>
    <file name="/Users/korben/umbrellio/laravel-pg-extensions/src/Extensions/Exceptions/MixinInvalidException.php">
      <class name="Umbrellio\Postgres\Extensions\Exceptions\MixinInvalidException" namespace="global">
        <metrics complexity="0" methods="0" coveredmethods="0" conditionals="0" coveredconditionals="0" statements="0" coveredstatements="0" elements="0" coveredelements="0"/>
      </class>
      <metrics loc="12" ncloc="12" classes="0" methods="0" coveredmethods="0" conditionals="0" coveredconditionals="0" statements="0" coveredstatements="0" elements="0" coveredelements="0"/>
    </file>
    <file name="/Users/korben/umbrellio/laravel-pg-extensions/src/Extensions/Schema/AbstractBlueprint.php">
      <class name="Umbrellio\Postgres\Extensions\Schema\AbstractBlueprint" namespace="global">
        <metrics complexity="0" methods="0" coveredmethods="0" conditionals="0" coveredconditionals="0" statements="0" coveredstatements="0" elements="0" coveredelements="0"/>
      </class>
      <metrics loc="16" ncloc="13" classes="0" methods="0" coveredmethods="0" conditionals="0" coveredconditionals="0" statements="0" coveredstatements="0" elements="0" coveredelements="0"/>
    </file>
    <file name="/Users/korben/umbrellio/laravel-pg-extensions/src/Extensions/Schema/AbstractBuilder.php">
      <class name="Umbrellio\Postgres\Extensions\Schema\AbstractBuilder" namespace="global">
        <metrics complexity="0" methods="0" coveredmethods="0" conditionals="0" coveredconditionals="0" statements="0" coveredstatements="0" elements="0" coveredelements="0"/>
      </class>
      <metrics loc="16" ncloc="13" classes="0" methods="0" coveredmethods="0" conditionals="0" coveredconditionals="0" statements="0" coveredstatements="0" elements="0" coveredelements="0"/>
    </file>
    <file name="/Users/korben/umbrellio/laravel-pg-extensions/src/Extensions/Schema/Grammar/AbstractGrammar.php">
      <class name="Umbrellio\Postgres\Extensions\Schema\Grammar\AbstractGrammar" namespace="global">
        <metrics complexity="0" methods="0" coveredmethods="0" conditionals="0" coveredconditionals="0" statements="0" coveredstatements="0" elements="0" coveredelements="0"/>
      </class>
      <metrics loc="16" ncloc="13" classes="0" methods="0" coveredmethods="0" conditionals="0" coveredconditionals="0" statements="0" coveredstatements="0" elements="0" coveredelements="0"/>
    </file>
    <file name="/Users/korben/umbrellio/laravel-pg-extensions/src/Helpers/ColumnAssertions.php">
      <class name="Umbrellio\Postgres\Helpers\ColumnAssertions" namespace="global">
        <metrics complexity="12" methods="7" coveredmethods="5" conditionals="20" coveredconditionals="18" statements="28" coveredstatements="28" elements="55" coveredelements="51"/>
      </class>
      <line num="16" type="method" name="assertCommentOnColumn" visibility="protected" complexity="2" crap="2" count="1"/>
      <line num="18" type="stmt" count="1"/>
      <line num="20" type="stmt" count="1"/>
      <line num="21" type="stmt" count="1"/>
      <line num="24" type="stmt" count="1"/>
      <line num="27" type="method" name="assertDefaultOnColumn" visibility="protected" complexity="2" crap="2" count="1"/>
      <line num="29" type="stmt" count="1"/>
      <line num="31" type="stmt" count="1"/>
      <line num="32" type="stmt" count="1"/>
      <line num="35" type="stmt" count="1"/>
      <line num="38" type="method" name="assertLaravelTypeColumn" visibility="protected" complexity="1" crap="1" count="1"/>
      <line num="40" type="stmt" count="1"/>
      <line num="43" type="method" name="assertPostgresTypeColumn" visibility="protected" complexity="1" crap="1" count="1"/>
      <line num="45" type="stmt" count="1"/>
      <line num="48" type="method" name="getCommentListing" visibility="private" complexity="2" crap="2" count="1"/>
      <line num="50" type="stmt" count="1"/>
      <line num="51" type="stmt" count="1"/>
      <line num="58" type="stmt" count="1"/>
      <line num="59" type="stmt" count="1"/>
      <line num="60" type="stmt" count="1"/>
      <line num="62" type="stmt" count="1"/>
      <line num="65" type="method" name="getTypeListing" visibility="private" complexity="2" crap="2.50" count="1"/>
      <line num="67" type="stmt" count="1"/>
      <line num="68" type="stmt" count="1"/>
      <line num="72" type="stmt" count="1"/>
      <line num="73" type="stmt" count="1"/>
      <line num="74" type="stmt" count="1"/>
      <line num="76" type="stmt" count="1"/>
      <line num="79" type="method" name="getDefaultListing" visibility="private" complexity="2" crap="2.50" count="1"/>
      <line num="81" type="stmt" count="1"/>
      <line num="82" type="stmt" count="1"/>
      <line num="86" type="stmt" count="1"/>
      <line num="87" type="stmt" count="1"/>
      <line num="88" type="stmt" count="1"/>
      <line num="90" type="stmt" count="1"/>
      <metrics loc="93" ncloc="93" classes="1" methods="7" coveredmethods="5" conditionals="20" coveredconditionals="18" statements="28" coveredstatements="28" elements="55" coveredelements="51"/>
    </file>
    <file name="/Users/korben/umbrellio/laravel-pg-extensions/src/Helpers/IndexAssertions.php">
      <class name="Umbrellio\Postgres\Helpers\IndexAssertions" namespace="global">
        <metrics complexity="11" methods="0" coveredmethods="0" conditionals="0" coveredconditionals="0" statements="0" coveredstatements="0" elements="0" coveredelements="0"/>
      </class>
      <metrics loc="86" ncloc="83" classes="0" methods="0" coveredmethods="0" conditionals="0" coveredconditionals="0" statements="0" coveredstatements="0" elements="0" coveredelements="0"/>
    </file>
    <file name="/Users/korben/umbrellio/laravel-pg-extensions/src/Helpers/TableAssertions.php">
      <class name="Umbrellio\Postgres\Helpers\TableAssertions" namespace="global">
        <metrics complexity="4" methods="0" coveredmethods="0" conditionals="0" coveredconditionals="0" statements="0" coveredstatements="0" elements="0" coveredelements="0"/>
      </class>
      <metrics loc="40" ncloc="37" classes="0" methods="0" coveredmethods="0" conditionals="0" coveredconditionals="0" statements="0" coveredstatements="0" elements="0" coveredelements="0"/>
    </file>
    <file name="/Users/korben/umbrellio/laravel-pg-extensions/src/Helpers/ViewAssertions.php">
      <class name="Umbrellio\Postgres\Helpers\ViewAssertions" namespace="global">
        <metrics complexity="4" methods="0" coveredmethods="0" conditionals="0" coveredconditionals="0" statements="0" coveredstatements="0" elements="0" coveredelements="0"/>
      </class>
      <metrics loc="46" ncloc="43" classes="0" methods="0" coveredmethods="0" conditionals="0" coveredconditionals="0" statements="0" coveredstatements="0" elements="0" coveredelements="0"/>
    </file>
    <file name="/Users/korben/umbrellio/laravel-pg-extensions/src/PostgresConnection.php">
      <class name="Umbrellio\Postgres\PostgresConnection" namespace="global">
        <metrics complexity="23" methods="6" coveredmethods="5" conditionals="35" coveredconditionals="34" statements="29" coveredstatements="29" elements="70" coveredelements="68"/>
      </class>
      <line num="50" type="method" name="getSchemaBuilder" visibility="public" complexity="2" crap="2" count="28"/>
      <line num="52" type="stmt" count="28"/>
      <line num="53" type="stmt" count="28"/>
      <line num="55" type="stmt" count="28"/>
      <line num="58" type="method" name="useDefaultPostProcessor" visibility="public" complexity="1" crap="1" count="30"/>
      <line num="60" type="stmt" count="30"/>
      <line num="62" type="stmt" count="30"/>
      <line num="63" type="stmt" count="30"/>
      <line num="66" type="method" name="bindValues" visibility="public" complexity="7" crap="11.30" count="28"/>
      <line num="68" type="stmt" count="28"/>
      <line num="69" type="stmt" count="8"/>
      <line num="70" type="stmt" count="8"/>
      <line num="73" type="stmt" count="8"/>
      <line num="74" type="stmt" count="2"/>
      <line num="75" type="stmt" count="2"/>
      <line num="77" type="stmt" count="6"/>
      <line num="78" type="stmt" count="1"/>
      <line num="79" type="stmt" count="1"/>
      <line num="82" type="stmt" count="5"/>
      <line num="85" type="stmt" count="8"/>
      <line num="88" type="stmt" count="20"/>
      <line num="92" type="method" name="prepareBindings" visibility="public" complexity="4" crap="4.13" count="28"/>
      <line num="94" type="stmt" count="28"/>
      <line num="95" type="stmt" count="8"/>
      <line num="97" type="stmt" count="8"/>
      <line num="98" type="stmt" count="8"/>
      <line num="99" type="stmt" count="1"/>
      <line num="103" type="stmt" count="8"/>
      <line num="106" type="stmt" count="20"/>
      <line num="109" type="method" name="getDefaultSchemaGrammar" visibility="protected" complexity="1" crap="1" count="28"/>
      <line num="111" type="stmt" count="28"/>
      <line num="114" type="method" name="registerInitialTypes" visibility="private" complexity="3" crap="4.12" count="30"/>
      <line num="116" type="stmt" count="30"/>
      <line num="117" type="stmt" count="30"/>
      <line num="118" type="stmt" count="1"/>
      <metrics loc="139" ncloc="131" classes="1" methods="6" coveredmethods="5" conditionals="35" coveredconditionals="34" statements="29" coveredstatements="29" elements="70" coveredelements="68"/>
    </file>
    <file name="/Users/korben/umbrellio/laravel-pg-extensions/src/Schema/Blueprint.php">
      <class name="Umbrellio\Postgres\Schema\Blueprint" namespace="global">
        <metrics complexity="30" methods="19" coveredmethods="19" conditionals="19" coveredconditionals="19" statements="31" coveredstatements="31" elements="69" coveredelements="69"/>
      </class>
      <line num="44" type="method" name="attachPartition" visibility="public" complexity="1" crap="1" count="4"/>
      <line num="46" type="stmt" count="4"/>
      <line num="49" type="method" name="detachPartition" visibility="public" complexity="1" crap="1" count="1"/>
      <line num="51" type="stmt" count="1"/>
      <line num="75" type="method" name="uniquePartial" visibility="public" complexity="2" crap="2" count="13"/>
      <line num="77" type="stmt" count="13"/>
      <line num="79" type="stmt" count="13"/>
      <line num="81" type="stmt" count="13"/>
      <line num="82" type="stmt" count="13"/>
      <line num="83" type="stmt" count="13"/>
      <line num="84" type="stmt" count="13"/>
      <line num="85" type="stmt" count="13"/>
      <line num="88" type="method" name="dropUniquePartial" visibility="public" complexity="1" crap="1" count="12"/>
      <line num="90" type="stmt" count="12"/>
      <line num="97" type="method" name="exclude" visibility="public" complexity="2" crap="2" count="6"/>
      <line num="99" type="stmt" count="6"/>
      <line num="101" type="stmt" count="6"/>
      <line num="103" type="stmt" count="6"/>
      <line num="110" type="method" name="check" visibility="public" complexity="2" crap="2" count="3"/>
      <line num="112" type="stmt" count="3"/>
      <line num="114" type="stmt" count="3"/>
      <line num="116" type="stmt" count="3"/>
      <line num="119" type="method" name="dropExclude" visibility="public" complexity="1" crap="1" count="1"/>
      <line num="121" type="stmt" count="1"/>
      <line num="124" type="method" name="dropCheck" visibility="public" complexity="1" crap="1" count="1"/>
      <line num="126" type="stmt" count="1"/>
      <line num="153" type="method" name="createTrigger" visibility="public" complexity="1" crap="1" count="2"/>
      <line num="155" type="stmt" count="2"/>
      <line num="161" type="method" name="createFunction" visibility="public" complexity="1" crap="1" count="2"/>
      <line num="163" type="stmt" count="2"/>
      <line num="169" type="method" name="createProcedure" visibility="public" complexity="1" crap="1" count="2"/>
      <line num="171" type="stmt" count="2"/>
      <line num="177" type="method" name="dropFunction" visibility="public" complexity="1" crap="1" count="2"/>
      <line num="179" type="stmt" count="2"/>
      <line num="185" type="method" name="dropProcedure" visibility="public" complexity="1" crap="1" count="2"/>
      <line num="187" type="stmt" count="2"/>
      <line num="201" type="method" name="dropTrigger" visibility="public" complexity="1" crap="1" count="2"/>
      <line num="203" type="stmt" count="2"/>
      <line num="211" type="method" name="numeric" visibility="public" complexity="1" crap="1" count="3"/>
      <line num="213" type="stmt" count="3"/>
      <line num="219" type="method" name="tsrange" visibility="public" complexity="1" crap="1" count="1"/>
      <line num="221" type="stmt" count="1"/>
      <line num="227" type="method" name="tstzrange" visibility="public" complexity="1" crap="1" count="1"/>
      <line num="229" type="stmt" count="1"/>
      <line num="235" type="method" name="daterange" visibility="public" complexity="1" crap="1" count="1"/>
      <line num="237" type="stmt" count="1"/>
      <line num="251" type="method" name="addExtendedCommand" visibility="private" complexity="1" crap="1" count="29"/>
      <line num="253" type="stmt" count="29"/>
      <line num="254" type="stmt" count="29"/>
      <line num="255" type="stmt" count="29"/>
      <metrics loc="258" ncloc="190" classes="1" methods="19" coveredmethods="19" conditionals="19" coveredconditionals="19" statements="31" coveredstatements="31" elements="69" coveredelements="69"/>
    </file>
    <file name="/Users/korben/umbrellio/laravel-pg-extensions/src/Schema/Builder.php">
      <class name="Umbrellio\Postgres\Schema\Builder" namespace="global">
        <metrics complexity="7" methods="1" coveredmethods="1" conditionals="1" coveredconditionals="1" statements="1" coveredstatements="1" elements="3" coveredelements="3"/>
      </class>
      <line num="72" type="method" name="createBlueprint" visibility="protected" complexity="1" crap="1" count="28"/>
      <line num="74" type="stmt" count="28"/>
      <metrics loc="77" ncloc="58" classes="1" methods="1" coveredmethods="1" conditionals="1" coveredconditionals="1" statements="1" coveredstatements="1" elements="3" coveredelements="3"/>
    </file>
    <file name="/Users/korben/umbrellio/laravel-pg-extensions/src/Schema/Builders/Constraints/Check/CheckBuilder.php">
      <class name="Umbrellio\Postgres\Schema\Builders\Constraints\Check\CheckBuilder" namespace="global">
        <metrics complexity="0" methods="0" coveredmethods="0" conditionals="0" coveredconditionals="0" statements="0" coveredstatements="0" elements="0" coveredelements="0"/>
      </class>
      <metrics loc="14" ncloc="14" classes="0" methods="0" coveredmethods="0" conditionals="0" coveredconditionals="0" statements="0" coveredstatements="0" elements="0" coveredelements="0"/>
    </file>
    <file name="/Users/korben/umbrellio/laravel-pg-extensions/src/Schema/Builders/Constraints/Exclude/ExcludeBuilder.php">
      <class name="Umbrellio\Postgres\Schema\Builders\Constraints\Exclude\ExcludeBuilder" namespace="global">
        <metrics complexity="4" methods="4" coveredmethods="4" conditionals="4" coveredconditionals="4" statements="8" coveredstatements="8" elements="16" coveredelements="16"/>
      </class>
      <line num="14" type="method" name="method" visibility="public" complexity="1" crap="1" count="2"/>
      <line num="16" type="stmt" count="2"/>
      <line num="17" type="stmt" count="2"/>
      <line num="20" type="method" name="with" visibility="public" complexity="1" crap="1" count="1"/>
      <line num="22" type="stmt" count="1"/>
      <line num="23" type="stmt" count="1"/>
      <line num="26" type="method" name="tableSpace" visibility="public" complexity="1" crap="1" count="1"/>
      <line num="28" type="stmt" count="1"/>
      <line num="29" type="stmt" count="1"/>
      <line num="32" type="method" name="using" visibility="public" complexity="1" crap="1" count="6"/>
      <line num="34" type="stmt" count="6"/>
      <line num="35" type="stmt" count="6"/>
      <metrics loc="38" ncloc="38" classes="1" methods="4" coveredmethods="4" conditionals="4" coveredconditionals="4" statements="8" coveredstatements="8" elements="16" coveredelements="16"/>
    </file>
    <file name="/Users/korben/umbrellio/laravel-pg-extensions/src/Schema/Builders/Indexes/Unique/UniqueBuilder.php">
      <class name="Umbrellio\Postgres\Schema\Builders\Indexes\Unique\UniqueBuilder" namespace="global">
        <metrics complexity="1" methods="1" coveredmethods="1" conditionals="1" coveredconditionals="1" statements="3" coveredstatements="3" elements="5" coveredelements="5"/>
      </class>
      <line num="11" type="method" name="__call" visibility="public" complexity="1" crap="1" count="12"/>
      <line num="13" type="stmt" count="12"/>
      <line num="14" type="stmt" count="12"/>
      <line num="15" type="stmt" count="12"/>
      <metrics loc="18" ncloc="18" classes="1" methods="1" coveredmethods="1" conditionals="1" coveredconditionals="1" statements="3" coveredstatements="3" elements="5" coveredelements="5"/>
    </file>
    <file name="/Users/korben/umbrellio/laravel-pg-extensions/src/Schema/Builders/Indexes/Unique/UniquePartialBuilder.php">
      <class name="Umbrellio\Postgres\Schema\Builders\Indexes\Unique\UniquePartialBuilder" namespace="global">
        <metrics complexity="0" methods="0" coveredmethods="0" conditionals="0" coveredconditionals="0" statements="0" coveredstatements="0" elements="0" coveredelements="0"/>
      </class>
      <metrics loc="14" ncloc="14" classes="0" methods="0" coveredmethods="0" conditionals="0" coveredconditionals="0" statements="0" coveredstatements="0" elements="0" coveredelements="0"/>
    </file>
    <file name="/Users/korben/umbrellio/laravel-pg-extensions/src/Schema/Builders/Routines/CreateFunctionBuilder.php">
      <class name="Umbrellio\Postgres\Schema\Builders\Routines\CreateFunctionBuilder" namespace="global">
        <metrics complexity="8" methods="1" coveredmethods="0" conditionals="16" coveredconditionals="0" statements="23" coveredstatements="0" elements="40" coveredelements="0"/>
      </class>
      <line num="17" type="method" name="__call" visibility="public" complexity="8" crap="72" count="0"/>
      <line num="20" type="stmt" count="0"/>
      <line num="21" type="stmt" count="0"/>
      <line num="22" type="stmt" count="0"/>
      <line num="23" type="stmt" count="0"/>
      <line num="24" type="stmt" count="0"/>
      <line num="25" type="stmt" count="0"/>
      <line num="26" type="stmt" count="0"/>
      <line num="27" type="stmt" count="0"/>
      <line num="28" type="stmt" count="0"/>
      <line num="29" type="stmt" count="0"/>
      <line num="30" type="stmt" count="0"/>
      <line num="31" type="stmt" count="0"/>
      <line num="32" type="stmt" count="0"/>
      <line num="33" type="stmt" count="0"/>
      <line num="34" type="stmt" count="0"/>
      <line num="35" type="stmt" count="0"/>
      <line num="36" type="stmt" count="0"/>
      <line num="37" type="stmt" count="0"/>
      <line num="38" type="stmt" count="0"/>
      <line num="39" type="stmt" count="0"/>
      <line num="41" type="stmt" count="0"/>
      <line num="44" type="stmt" count="0"/>
      <line num="46" type="stmt" count="0"/>
      <metrics loc="49" ncloc="49" classes="1" methods="1" coveredmethods="0" conditionals="16" coveredconditionals="0" statements="23" coveredstatements="0" elements="40" coveredelements="0"/>
    </file>
    <file name="/Users/korben/umbrellio/laravel-pg-extensions/src/Schema/Builders/Routines/CreateProcedureBuilder.php">
      <class name="Umbrellio\Postgres\Schema\Builders\Routines\CreateProcedureBuilder" namespace="global">
        <metrics complexity="0" methods="0" coveredmethods="0" conditionals="0" coveredconditionals="0" statements="0" coveredstatements="0" elements="0" coveredelements="0"/>
      </class>
      <metrics loc="12" ncloc="12" classes="0" methods="0" coveredmethods="0" conditionals="0" coveredconditionals="0" statements="0" coveredstatements="0" elements="0" coveredelements="0"/>
    </file>
    <file name="/Users/korben/umbrellio/laravel-pg-extensions/src/Schema/Builders/Routines/CreateTriggerBuilder.php">
      <class name="Umbrellio\Postgres\Schema\Builders\Routines\CreateTriggerBuilder" namespace="global">
        <metrics complexity="0" methods="0" coveredmethods="0" conditionals="0" coveredconditionals="0" statements="0" coveredstatements="0" elements="0" coveredelements="0"/>
      </class>
      <metrics loc="12" ncloc="12" classes="0" methods="0" coveredmethods="0" conditionals="0" coveredconditionals="0" statements="0" coveredstatements="0" elements="0" coveredelements="0"/>
    </file>
    <file name="/Users/korben/umbrellio/laravel-pg-extensions/src/Schema/Builders/Routines/DropFunctionBuilder.php">
      <class name="Umbrellio\Postgres\Schema\Builders\Routines\DropFunctionBuilder" namespace="global">
        <metrics complexity="0" methods="0" coveredmethods="0" conditionals="0" coveredconditionals="0" statements="0" coveredstatements="0" elements="0" coveredelements="0"/>
      </class>
      <metrics loc="12" ncloc="12" classes="0" methods="0" coveredmethods="0" conditionals="0" coveredconditionals="0" statements="0" coveredstatements="0" elements="0" coveredelements="0"/>
    </file>
    <file name="/Users/korben/umbrellio/laravel-pg-extensions/src/Schema/Builders/Routines/DropProcedureBuilder.php">
      <class name="Umbrellio\Postgres\Schema\Builders\Routines\DropProcedureBuilder" namespace="global">
        <metrics complexity="0" methods="0" coveredmethods="0" conditionals="0" coveredconditionals="0" statements="0" coveredstatements="0" elements="0" coveredelements="0"/>
      </class>
      <metrics loc="12" ncloc="12" classes="0" methods="0" coveredmethods="0" conditionals="0" coveredconditionals="0" statements="0" coveredstatements="0" elements="0" coveredelements="0"/>
    </file>
    <file name="/Users/korben/umbrellio/laravel-pg-extensions/src/Schema/Builders/Routines/DropTriggerBuilder.php">
      <class name="Umbrellio\Postgres\Schema\Builders\Routines\DropTriggerBuilder" namespace="global">
        <metrics complexity="0" methods="0" coveredmethods="0" conditionals="0" coveredconditionals="0" statements="0" coveredstatements="0" elements="0" coveredelements="0"/>
      </class>
      <metrics loc="12" ncloc="12" classes="0" methods="0" coveredmethods="0" conditionals="0" coveredconditionals="0" statements="0" coveredstatements="0" elements="0" coveredelements="0"/>
    </file>
    <file name="/Users/korben/umbrellio/laravel-pg-extensions/src/Schema/Builders/Routines/Functions/ExecutionBuilder.php">
      <class name="Umbrellio\Postgres\Schema\Builders\Routines\Functions\ExecutionBuilder" namespace="global">
        <metrics complexity="2" methods="2" coveredmethods="0" conditionals="0" coveredconditionals="0" statements="4" coveredstatements="0" elements="6" coveredelements="0"/>
      </class>
      <line num="14" type="method" name="__construct" visibility="public" complexity="1" crap="2" count="0"/>
      <line num="16" type="stmt" count="0"/>
      <line num="18" type="stmt" count="0"/>
      <line num="21" type="method" name="__call" visibility="public" complexity="1" crap="2" count="0"/>
      <line num="23" type="stmt" count="0"/>
      <line num="25" type="stmt" count="0"/>
      <metrics loc="28" ncloc="28" classes="1" methods="2" coveredmethods="0" conditionals="0" coveredconditionals="0" statements="4" coveredstatements="0" elements="6" coveredelements="0"/>
    </file>
    <file name="/Users/korben/umbrellio/laravel-pg-extensions/src/Schema/Builders/Routines/Functions/FunctionArgumentBuilder.php">
      <class name="Umbrellio\Postgres\Schema\Builders\Routines\Functions\FunctionArgumentBuilder" namespace="global">
        <metrics complexity="3" methods="2" coveredmethods="0" conditionals="0" coveredconditionals="0" statements="6" coveredstatements="0" elements="8" coveredelements="0"/>
      </class>
      <line num="14" type="method" name="__construct" visibility="public" complexity="1" crap="2" count="0"/>
      <line num="16" type="stmt" count="0"/>
      <line num="18" type="stmt" count="0"/>
      <line num="21" type="method" name="__call" visibility="public" complexity="2" crap="6" count="0"/>
      <line num="23" type="stmt" count="0"/>
      <line num="24" type="stmt" count="0"/>
      <line num="26" type="stmt" count="0"/>
      <line num="29" type="stmt" count="0"/>
      <metrics loc="32" ncloc="32" classes="1" methods="2" coveredmethods="0" conditionals="0" coveredconditionals="0" statements="6" coveredstatements="0" elements="8" coveredelements="0"/>
    </file>
    <file name="/Users/korben/umbrellio/laravel-pg-extensions/src/Schema/Builders/Routines/Functions/FunctionSecurityBuilder.php">
      <class name="Umbrellio\Postgres\Schema\Builders\Routines\Functions\FunctionSecurityBuilder" namespace="global">
        <metrics complexity="2" methods="2" coveredmethods="0" conditionals="0" coveredconditionals="0" statements="4" coveredstatements="0" elements="6" coveredelements="0"/>
      </class>
      <line num="14" type="method" name="__construct" visibility="public" complexity="1" crap="2" count="0"/>
      <line num="16" type="stmt" count="0"/>
      <line num="18" type="stmt" count="0"/>
      <line num="21" type="method" name="__call" visibility="public" complexity="1" crap="2" count="0"/>
      <line num="23" type="stmt" count="0"/>
      <line num="25" type="stmt" count="0"/>
      <metrics loc="28" ncloc="28" classes="1" methods="2" coveredmethods="0" conditionals="0" coveredconditionals="0" statements="4" coveredstatements="0" elements="6" coveredelements="0"/>
    </file>
    <file name="/Users/korben/umbrellio/laravel-pg-extensions/src/Schema/Builders/Routines/Functions/FunctionSetBuilder.php">
      <class name="Umbrellio\Postgres\Schema\Builders\Routines\Functions\FunctionSetBuilder" namespace="global">
        <metrics complexity="2" methods="2" coveredmethods="0" conditionals="0" coveredconditionals="0" statements="4" coveredstatements="0" elements="6" coveredelements="0"/>
      </class>
      <line num="14" type="method" name="__construct" visibility="public" complexity="1" crap="2" count="0"/>
      <line num="16" type="stmt" count="0"/>
      <line num="18" type="stmt" count="0"/>
      <line num="21" type="method" name="__call" visibility="public" complexity="1" crap="2" count="0"/>
      <line num="23" type="stmt" count="0"/>
      <line num="25" type="stmt" count="0"/>
      <metrics loc="28" ncloc="28" classes="1" methods="2" coveredmethods="0" conditionals="0" coveredconditionals="0" statements="4" coveredstatements="0" elements="6" coveredelements="0"/>
    </file>
    <file name="/Users/korben/umbrellio/laravel-pg-extensions/src/Schema/Builders/Routines/Functions/ParallelBuilder.php">
      <class name="Umbrellio\Postgres\Schema\Builders\Routines\Functions\ParallelBuilder" namespace="global">
        <metrics complexity="2" methods="2" coveredmethods="0" conditionals="0" coveredconditionals="0" statements="4" coveredstatements="0" elements="6" coveredelements="0"/>
      </class>
      <line num="14" type="method" name="__construct" visibility="public" complexity="1" crap="2" count="0"/>
      <line num="16" type="stmt" count="0"/>
      <line num="18" type="stmt" count="0"/>
      <line num="21" type="method" name="__call" visibility="public" complexity="1" crap="2" count="0"/>
      <line num="23" type="stmt" count="0"/>
      <line num="25" type="stmt" count="0"/>
      <metrics loc="28" ncloc="28" classes="1" methods="2" coveredmethods="0" conditionals="0" coveredconditionals="0" statements="4" coveredstatements="0" elements="6" coveredelements="0"/>
    </file>
    <file name="/Users/korben/umbrellio/laravel-pg-extensions/src/Schema/Builders/Routines/Functions/StabilityBuilder.php">
      <class name="Umbrellio\Postgres\Schema\Builders\Routines\Functions\StabilityBuilder" namespace="global">
        <metrics complexity="2" methods="2" coveredmethods="0" conditionals="0" coveredconditionals="0" statements="4" coveredstatements="0" elements="6" coveredelements="0"/>
      </class>
      <line num="14" type="method" name="__construct" visibility="public" complexity="1" crap="2" count="0"/>
      <line num="16" type="stmt" count="0"/>
      <line num="18" type="stmt" count="0"/>
      <line num="21" type="method" name="__call" visibility="public" complexity="1" crap="2" count="0"/>
      <line num="23" type="stmt" count="0"/>
      <line num="25" type="stmt" count="0"/>
      <metrics loc="28" ncloc="28" classes="1" methods="2" coveredmethods="0" conditionals="0" coveredconditionals="0" statements="4" coveredstatements="0" elements="6" coveredelements="0"/>
    </file>
    <file name="/Users/korben/umbrellio/laravel-pg-extensions/src/Schema/Builders/WhereBuilderTrait.php">
      <class name="Umbrellio\Postgres\Schema\Builders\WhereBuilderTrait" namespace="global">
        <metrics complexity="12" methods="10" coveredmethods="10" conditionals="16" coveredconditionals="16" statements="11" coveredstatements="11" elements="37" coveredelements="37"/>
      </class>
      <line num="16" type="method" name="whereRaw" visibility="public" complexity="1" crap="1" count="2"/>
      <line num="18" type="stmt" count="2"/>
      <line num="21" type="method" name="where" visibility="public" complexity="1" crap="1" count="2"/>
      <line num="23" type="stmt" count="2"/>
      <line num="26" type="method" name="whereColumn" visibility="public" complexity="1" crap="1" count="3"/>
      <line num="28" type="stmt" count="3"/>
      <line num="31" type="method" name="whereIn" visibility="public" complexity="2" crap="2" count="5"/>
      <line num="33" type="stmt" count="5"/>
      <line num="36" type="method" name="whereNotIn" visibility="public" complexity="1" crap="1" count="2"/>
      <line num="38" type="stmt" count="2"/>
      <line num="41" type="method" name="whereNull" visibility="public" complexity="2" crap="2" count="6"/>
      <line num="43" type="stmt" count="6"/>
      <line num="46" type="method" name="whereBetween" visibility="public" complexity="1" crap="1" count="2"/>
      <line num="48" type="stmt" count="2"/>
      <line num="51" type="method" name="whereNotBetween" visibility="public" complexity="1" crap="1" count="1"/>
      <line num="53" type="stmt" count="1"/>
      <line num="56" type="method" name="whereNotNull" visibility="public" complexity="1" crap="1" count="2"/>
      <line num="58" type="stmt" count="2"/>
      <line num="61" type="method" name="compileWhere" visibility="protected" complexity="1" crap="1" count="18"/>
      <line num="63" type="stmt" count="18"/>
      <line num="64" type="stmt" count="18"/>
      <metrics loc="67" ncloc="64" classes="1" methods="10" coveredmethods="10" conditionals="16" coveredconditionals="16" statements="11" coveredstatements="11" elements="37" coveredelements="37"/>
    </file>
    <file name="/Users/korben/umbrellio/laravel-pg-extensions/src/Schema/Definitions/ForeignKeyDefinition.php">
      <class name="Umbrellio\Postgres\Schema\Definitions\ForeignKeyDefinition" namespace="global">
        <metrics complexity="0" methods="0" coveredmethods="0" conditionals="0" coveredconditionals="0" statements="0" coveredstatements="0" elements="0" coveredelements="0"/>
      </class>
      <metrics loc="15" ncloc="10" classes="0" methods="0" coveredmethods="0" conditionals="0" coveredconditionals="0" statements="0" coveredstatements="0" elements="0" coveredelements="0"/>
    </file>
    <file name="/Users/korben/umbrellio/laravel-pg-extensions/src/Schema/Definitions/Indexes/CheckDefinition.php">
      <class name="Umbrellio\Postgres\Schema\Definitions\Indexes\CheckDefinition" namespace="global">
        <metrics complexity="0" methods="0" coveredmethods="0" conditionals="0" coveredconditionals="0" statements="0" coveredstatements="0" elements="0" coveredelements="0"/>
      </class>
      <metrics loc="15" ncloc="12" classes="0" methods="0" coveredmethods="0" conditionals="0" coveredconditionals="0" statements="0" coveredstatements="0" elements="0" coveredelements="0"/>
    </file>
    <file name="/Users/korben/umbrellio/laravel-pg-extensions/src/Schema/Definitions/Indexes/ExcludeDefinition.php">
      <class name="Umbrellio\Postgres\Schema\Definitions\Indexes\ExcludeDefinition" namespace="global">
        <metrics complexity="0" methods="0" coveredmethods="0" conditionals="0" coveredconditionals="0" statements="0" coveredstatements="0" elements="0" coveredelements="0"/>
      </class>
      <metrics loc="19" ncloc="12" classes="0" methods="0" coveredmethods="0" conditionals="0" coveredconditionals="0" statements="0" coveredstatements="0" elements="0" coveredelements="0"/>
    </file>
    <file name="/Users/korben/umbrellio/laravel-pg-extensions/src/Schema/Definitions/Indexes/UniqueDefinition.php">
      <class name="Umbrellio\Postgres\Schema\Definitions\Indexes\UniqueDefinition" namespace="global">
        <metrics complexity="0" methods="0" coveredmethods="0" conditionals="0" coveredconditionals="0" statements="0" coveredstatements="0" elements="0" coveredelements="0"/>
      </class>
      <metrics loc="23" ncloc="12" classes="0" methods="0" coveredmethods="0" conditionals="0" coveredconditionals="0" statements="0" coveredstatements="0" elements="0" coveredelements="0"/>
    </file>
    <file name="/Users/korben/umbrellio/laravel-pg-extensions/src/Schema/Definitions/Routines/DropRoutineArgumentDefinition.php">
      <class name="Umbrellio\Postgres\Schema\Definitions\Routines\DropRoutineArgumentDefinition" namespace="global">
        <metrics complexity="0" methods="0" coveredmethods="0" conditionals="0" coveredconditionals="0" statements="0" coveredstatements="0" elements="0" coveredelements="0"/>
      </class>
      <metrics loc="17" ncloc="12" classes="0" methods="0" coveredmethods="0" conditionals="0" coveredconditionals="0" statements="0" coveredstatements="0" elements="0" coveredelements="0"/>
    </file>
    <file name="/Users/korben/umbrellio/laravel-pg-extensions/src/Schema/Definitions/Routines/DropRoutineDefinition.php">
      <class name="Umbrellio\Postgres\Schema\Definitions\Routines\DropRoutineDefinition" namespace="global">
        <metrics complexity="0" methods="0" coveredmethods="0" conditionals="0" coveredconditionals="0" statements="0" coveredstatements="0" elements="0" coveredelements="0"/>
      </class>
      <metrics loc="19" ncloc="12" classes="0" methods="0" coveredmethods="0" conditionals="0" coveredconditionals="0" statements="0" coveredstatements="0" elements="0" coveredelements="0"/>
    </file>
    <file name="/Users/korben/umbrellio/laravel-pg-extensions/src/Schema/Definitions/Routines/Functions/Arguments/ArgumentDefinition.php">
      <class name="Umbrellio\Postgres\Schema\Definitions\Routines\Functions\Arguments\ArgumentDefinition" namespace="global">
        <metrics complexity="0" methods="0" coveredmethods="0" conditionals="0" coveredconditionals="0" statements="0" coveredstatements="0" elements="0" coveredelements="0"/>
      </class>
      <metrics loc="19" ncloc="13" classes="0" methods="0" coveredmethods="0" conditionals="0" coveredconditionals="0" statements="0" coveredstatements="0" elements="0" coveredelements="0"/>
    </file>
    <file name="/Users/korben/umbrellio/laravel-pg-extensions/src/Schema/Definitions/Routines/Functions/CreateFunctionDefinition.php">
      <class name="Umbrellio\Postgres\Schema\Definitions\Routines\Functions\CreateFunctionDefinition" namespace="global">
        <metrics complexity="0" methods="0" coveredmethods="0" conditionals="0" coveredconditionals="0" statements="0" coveredstatements="0" elements="0" coveredelements="0"/>
      </class>
      <metrics loc="30" ncloc="14" classes="0" methods="0" coveredmethods="0" conditionals="0" coveredconditionals="0" statements="0" coveredstatements="0" elements="0" coveredelements="0"/>
    </file>
    <file name="/Users/korben/umbrellio/laravel-pg-extensions/src/Schema/Definitions/Routines/Functions/DropFunctionDefinition.php">
      <class name="Umbrellio\Postgres\Schema\Definitions\Routines\Functions\DropFunctionDefinition" namespace="global">
        <metrics complexity="0" methods="0" coveredmethods="0" conditionals="0" coveredconditionals="0" statements="0" coveredstatements="0" elements="0" coveredelements="0"/>
      </class>
      <metrics loc="16" ncloc="13" classes="0" methods="0" coveredmethods="0" conditionals="0" coveredconditionals="0" statements="0" coveredstatements="0" elements="0" coveredelements="0"/>
    </file>
    <file name="/Users/korben/umbrellio/laravel-pg-extensions/src/Schema/Definitions/Routines/Functions/ExecutionDefinition.php">
      <class name="Umbrellio\Postgres\Schema\Definitions\Routines\Functions\ExecutionDefinition" namespace="global">
        <metrics complexity="0" methods="0" coveredmethods="0" conditionals="0" coveredconditionals="0" statements="0" coveredstatements="0" elements="0" coveredelements="0"/>
      </class>
      <metrics loc="17" ncloc="12" classes="0" methods="0" coveredmethods="0" conditionals="0" coveredconditionals="0" statements="0" coveredstatements="0" elements="0" coveredelements="0"/>
    </file>
    <file name="/Users/korben/umbrellio/laravel-pg-extensions/src/Schema/Definitions/Routines/Functions/FunctionArgumentDefinition.php">
      <class name="Umbrellio\Postgres\Schema\Definitions\Routines\Functions\FunctionArgumentDefinition" namespace="global">
        <metrics complexity="0" methods="0" coveredmethods="0" conditionals="0" coveredconditionals="0" statements="0" coveredstatements="0" elements="0" coveredelements="0"/>
      </class>
      <metrics loc="22" ncloc="12" classes="0" methods="0" coveredmethods="0" conditionals="0" coveredconditionals="0" statements="0" coveredstatements="0" elements="0" coveredelements="0"/>
    </file>
    <file name="/Users/korben/umbrellio/laravel-pg-extensions/src/Schema/Definitions/Routines/Functions/FunctionSecurityDefinition.php">
      <class name="Umbrellio\Postgres\Schema\Definitions\Routines\Functions\FunctionSecurityDefinition" namespace="global">
        <metrics complexity="0" methods="0" coveredmethods="0" conditionals="0" coveredconditionals="0" statements="0" coveredstatements="0" elements="0" coveredelements="0"/>
      </class>
      <metrics loc="16" ncloc="12" classes="0" methods="0" coveredmethods="0" conditionals="0" coveredconditionals="0" statements="0" coveredstatements="0" elements="0" coveredelements="0"/>
    </file>
    <file name="/Users/korben/umbrellio/laravel-pg-extensions/src/Schema/Definitions/Routines/Functions/FunctionSetDefinition.php">
      <class name="Umbrellio\Postgres\Schema\Definitions\Routines\Functions\FunctionSetDefinition" namespace="global">
        <metrics complexity="0" methods="0" coveredmethods="0" conditionals="0" coveredconditionals="0" statements="0" coveredstatements="0" elements="0" coveredelements="0"/>
      </class>
      <metrics loc="17" ncloc="12" classes="0" methods="0" coveredmethods="0" conditionals="0" coveredconditionals="0" statements="0" coveredstatements="0" elements="0" coveredelements="0"/>
    </file>
    <file name="/Users/korben/umbrellio/laravel-pg-extensions/src/Schema/Definitions/Routines/Functions/ParallelDefinition.php">
      <class name="Umbrellio\Postgres\Schema\Definitions\Routines\Functions\ParallelDefinition" namespace="global">
        <metrics complexity="0" methods="0" coveredmethods="0" conditionals="0" coveredconditionals="0" statements="0" coveredstatements="0" elements="0" coveredelements="0"/>
      </class>
      <metrics loc="17" ncloc="12" classes="0" methods="0" coveredmethods="0" conditionals="0" coveredconditionals="0" statements="0" coveredstatements="0" elements="0" coveredelements="0"/>
    </file>
    <file name="/Users/korben/umbrellio/laravel-pg-extensions/src/Schema/Definitions/Routines/Functions/StabilityDefinition.php">
      <class name="Umbrellio\Postgres\Schema\Definitions\Routines\Functions\StabilityDefinition" namespace="global">
        <metrics complexity="0" methods="0" coveredmethods="0" conditionals="0" coveredconditionals="0" statements="0" coveredstatements="0" elements="0" coveredelements="0"/>
      </class>
      <metrics loc="18" ncloc="12" classes="0" methods="0" coveredmethods="0" conditionals="0" coveredconditionals="0" statements="0" coveredstatements="0" elements="0" coveredelements="0"/>
    </file>
    <file name="/Users/korben/umbrellio/laravel-pg-extensions/src/Schema/Definitions/Routines/Procedures/CreateProcedureDefinition.php">
      <class name="Umbrellio\Postgres\Schema\Definitions\Routines\Procedures\CreateProcedureDefinition" namespace="global">
        <metrics complexity="0" methods="0" coveredmethods="0" conditionals="0" coveredconditionals="0" statements="0" coveredstatements="0" elements="0" coveredelements="0"/>
      </class>
      <metrics loc="20" ncloc="13" classes="0" methods="0" coveredmethods="0" conditionals="0" coveredconditionals="0" statements="0" coveredstatements="0" elements="0" coveredelements="0"/>
    </file>
    <file name="/Users/korben/umbrellio/laravel-pg-extensions/src/Schema/Definitions/Routines/Procedures/DropProcedureDefinition.php">
      <class name="Umbrellio\Postgres\Schema\Definitions\Routines\Procedures\DropProcedureDefinition" namespace="global">
        <metrics complexity="0" methods="0" coveredmethods="0" conditionals="0" coveredconditionals="0" statements="0" coveredstatements="0" elements="0" coveredelements="0"/>
      </class>
      <metrics loc="16" ncloc="13" classes="0" methods="0" coveredmethods="0" conditionals="0" coveredconditionals="0" statements="0" coveredstatements="0" elements="0" coveredelements="0"/>
    </file>
    <file name="/Users/korben/umbrellio/laravel-pg-extensions/src/Schema/Definitions/Routines/Procedures/ProcedureArgumentDefinition.php">
      <class name="Umbrellio\Postgres\Schema\Definitions\Routines\Procedures\ProcedureArgumentDefinition" namespace="global">
        <metrics complexity="0" methods="0" coveredmethods="0" conditionals="0" coveredconditionals="0" statements="0" coveredstatements="0" elements="0" coveredelements="0"/>
      </class>
      <metrics loc="21" ncloc="12" classes="0" methods="0" coveredmethods="0" conditionals="0" coveredconditionals="0" statements="0" coveredstatements="0" elements="0" coveredelements="0"/>
    </file>
    <file name="/Users/korben/umbrellio/laravel-pg-extensions/src/Schema/Definitions/Routines/Procedures/ProcedureDropArgumentDefinition.php">
      <class name="Umbrellio\Postgres\Schema\Definitions\Routines\Procedures\ProcedureDropArgumentDefinition" namespace="global">
        <metrics complexity="0" methods="0" coveredmethods="0" conditionals="0" coveredconditionals="0" statements="0" coveredstatements="0" elements="0" coveredelements="0"/>
      </class>
      <metrics loc="17" ncloc="12" classes="0" methods="0" coveredmethods="0" conditionals="0" coveredconditionals="0" statements="0" coveredstatements="0" elements="0" coveredelements="0"/>
    </file>
    <file name="/Users/korben/umbrellio/laravel-pg-extensions/src/Schema/Definitions/Routines/Procedures/ProcedureSecurityDefinition.php">
      <class name="Umbrellio\Postgres\Schema\Definitions\Routines\Procedures\ProcedureSecurityDefinition" namespace="global">
        <metrics complexity="0" methods="0" coveredmethods="0" conditionals="0" coveredconditionals="0" statements="0" coveredstatements="0" elements="0" coveredelements="0"/>
      </class>
      <metrics loc="16" ncloc="12" classes="0" methods="0" coveredmethods="0" conditionals="0" coveredconditionals="0" statements="0" coveredstatements="0" elements="0" coveredelements="0"/>
    </file>
    <file name="/Users/korben/umbrellio/laravel-pg-extensions/src/Schema/Definitions/Routines/Procedures/ProcedureSetDefinition.php">
      <class name="Umbrellio\Postgres\Schema\Definitions\Routines\Procedures\ProcedureSetDefinition" namespace="global">
        <metrics complexity="0" methods="0" coveredmethods="0" conditionals="0" coveredconditionals="0" statements="0" coveredstatements="0" elements="0" coveredelements="0"/>
      </class>
      <metrics loc="17" ncloc="12" classes="0" methods="0" coveredmethods="0" conditionals="0" coveredconditionals="0" statements="0" coveredstatements="0" elements="0" coveredelements="0"/>
    </file>
    <file name="/Users/korben/umbrellio/laravel-pg-extensions/src/Schema/Definitions/Routines/RoutineDefinition.php">
      <class name="Umbrellio\Postgres\Schema\Definitions\Routines\RoutineDefinition" namespace="global">
        <metrics complexity="0" methods="0" coveredmethods="0" conditionals="0" coveredconditionals="0" statements="0" coveredstatements="0" elements="0" coveredelements="0"/>
      </class>
      <metrics loc="18" ncloc="10" classes="0" methods="0" coveredmethods="0" conditionals="0" coveredconditionals="0" statements="0" coveredstatements="0" elements="0" coveredelements="0"/>
    </file>
    <file name="/Users/korben/umbrellio/laravel-pg-extensions/src/Schema/Definitions/Routines/Triggers/CreateTriggerDefinition.php">
      <class name="Umbrellio\Postgres\Schema\Definitions\Routines\Triggers\CreateTriggerDefinition" namespace="global">
        <metrics complexity="0" methods="0" coveredmethods="0" conditionals="0" coveredconditionals="0" statements="0" coveredstatements="0" elements="0" coveredelements="0"/>
      </class>
      <metrics loc="26" ncloc="12" classes="0" methods="0" coveredmethods="0" conditionals="0" coveredconditionals="0" statements="0" coveredstatements="0" elements="0" coveredelements="0"/>
    </file>
    <file name="/Users/korben/umbrellio/laravel-pg-extensions/src/Schema/Definitions/Routines/Triggers/DeferrableDefinition.php">
      <class name="Umbrellio\Postgres\Schema\Definitions\Routines\Triggers\DeferrableDefinition" namespace="global">
        <metrics complexity="0" methods="0" coveredmethods="0" conditionals="0" coveredconditionals="0" statements="0" coveredstatements="0" elements="0" coveredelements="0"/>
      </class>
      <metrics loc="16" ncloc="12" classes="0" methods="0" coveredmethods="0" conditionals="0" coveredconditionals="0" statements="0" coveredstatements="0" elements="0" coveredelements="0"/>
    </file>
    <file name="/Users/korben/umbrellio/laravel-pg-extensions/src/Schema/Definitions/Routines/Triggers/DropTriggerDefinition.php">
      <class name="Umbrellio\Postgres\Schema\Definitions\Routines\Triggers\DropTriggerDefinition" namespace="global">
        <metrics complexity="0" methods="0" coveredmethods="0" conditionals="0" coveredconditionals="0" statements="0" coveredstatements="0" elements="0" coveredelements="0"/>
      </class>
      <metrics loc="19" ncloc="12" classes="0" methods="0" coveredmethods="0" conditionals="0" coveredconditionals="0" statements="0" coveredstatements="0" elements="0" coveredelements="0"/>
    </file>
    <file name="/Users/korben/umbrellio/laravel-pg-extensions/src/Schema/Definitions/Routines/Triggers/EventDefinition.php">
      <class name="Umbrellio\Postgres\Schema\Definitions\Routines\Triggers\EventDefinition" namespace="global">
        <metrics complexity="0" methods="0" coveredmethods="0" conditionals="0" coveredconditionals="0" statements="0" coveredstatements="0" elements="0" coveredelements="0"/>
      </class>
      <metrics loc="18" ncloc="12" classes="0" methods="0" coveredmethods="0" conditionals="0" coveredconditionals="0" statements="0" coveredstatements="0" elements="0" coveredelements="0"/>
    </file>
    <file name="/Users/korben/umbrellio/laravel-pg-extensions/src/Schema/Definitions/Routines/Triggers/EventPointDefinition.php">
      <class name="Umbrellio\Postgres\Schema\Definitions\Routines\Triggers\EventPointDefinition" namespace="global">
        <metrics complexity="0" methods="0" coveredmethods="0" conditionals="0" coveredconditionals="0" statements="0" coveredstatements="0" elements="0" coveredelements="0"/>
      </class>
      <metrics loc="17" ncloc="12" classes="0" methods="0" coveredmethods="0" conditionals="0" coveredconditionals="0" statements="0" coveredstatements="0" elements="0" coveredelements="0"/>
    </file>
    <file name="/Users/korben/umbrellio/laravel-pg-extensions/src/Schema/Definitions/Routines/Triggers/ExecuteDefinition.php">
      <class name="Umbrellio\Postgres\Schema\Definitions\Routines\Triggers\ExecuteDefinition" namespace="global">
        <metrics complexity="0" methods="0" coveredmethods="0" conditionals="0" coveredconditionals="0" statements="0" coveredstatements="0" elements="0" coveredelements="0"/>
      </class>
      <metrics loc="16" ncloc="12" classes="0" methods="0" coveredmethods="0" conditionals="0" coveredconditionals="0" statements="0" coveredstatements="0" elements="0" coveredelements="0"/>
    </file>
    <file name="/Users/korben/umbrellio/laravel-pg-extensions/src/Schema/Definitions/Routines/Triggers/ForDefinition.php">
      <class name="Umbrellio\Postgres\Schema\Definitions\Routines\Triggers\ForDefinition" namespace="global">
        <metrics complexity="0" methods="0" coveredmethods="0" conditionals="0" coveredconditionals="0" statements="0" coveredstatements="0" elements="0" coveredelements="0"/>
      </class>
      <metrics loc="17" ncloc="12" classes="0" methods="0" coveredmethods="0" conditionals="0" coveredconditionals="0" statements="0" coveredstatements="0" elements="0" coveredelements="0"/>
    </file>
    <file name="/Users/korben/umbrellio/laravel-pg-extensions/src/Schema/Definitions/Routines/Triggers/ReferencingDefinition.php">
      <class name="Umbrellio\Postgres\Schema\Definitions\Routines\Triggers\ReferencingDefinition" namespace="global">
        <metrics complexity="0" methods="0" coveredmethods="0" conditionals="0" coveredconditionals="0" statements="0" coveredstatements="0" elements="0" coveredelements="0"/>
      </class>
      <metrics loc="16" ncloc="12" classes="0" methods="0" coveredmethods="0" conditionals="0" coveredconditionals="0" statements="0" coveredstatements="0" elements="0" coveredelements="0"/>
    </file>
    <file name="/Users/korben/umbrellio/laravel-pg-extensions/src/Schema/Definitions/Routines/Triggers/RelationDefinition.php">
      <class name="Umbrellio\Postgres\Schema\Definitions\Routines\Triggers\RelationDefinition" namespace="global">
        <metrics complexity="0" methods="0" coveredmethods="0" conditionals="0" coveredconditionals="0" statements="0" coveredstatements="0" elements="0" coveredelements="0"/>
      </class>
      <metrics loc="15" ncloc="12" classes="0" methods="0" coveredmethods="0" conditionals="0" coveredconditionals="0" statements="0" coveredstatements="0" elements="0" coveredelements="0"/>
    </file>
    <file name="/Users/korben/umbrellio/laravel-pg-extensions/src/Schema/Definitions/Tables/AttachPartitionDefinition.php">
      <class name="Umbrellio\Postgres\Schema\Definitions\Tables\AttachPartitionDefinition" namespace="global">
        <metrics complexity="0" methods="0" coveredmethods="0" conditionals="0" coveredconditionals="0" statements="0" coveredstatements="0" elements="0" coveredelements="0"/>
      </class>
      <metrics loc="15" ncloc="12" classes="0" methods="0" coveredmethods="0" conditionals="0" coveredconditionals="0" statements="0" coveredstatements="0" elements="0" coveredelements="0"/>
    </file>
    <file name="/Users/korben/umbrellio/laravel-pg-extensions/src/Schema/Definitions/Tables/LikeDefinition.php">
      <class name="Umbrellio\Postgres\Schema\Definitions\Tables\LikeDefinition" namespace="global">
        <metrics complexity="0" methods="0" coveredmethods="0" conditionals="0" coveredconditionals="0" statements="0" coveredstatements="0" elements="0" coveredelements="0"/>
      </class>
      <metrics loc="15" ncloc="12" classes="0" methods="0" coveredmethods="0" conditionals="0" coveredconditionals="0" statements="0" coveredstatements="0" elements="0" coveredelements="0"/>
    </file>
    <file name="/Users/korben/umbrellio/laravel-pg-extensions/src/Schema/Definitions/Views/ViewDefinition.php">
      <class name="Umbrellio\Postgres\Schema\Definitions\Views\ViewDefinition" namespace="global">
        <metrics complexity="0" methods="0" coveredmethods="0" conditionals="0" coveredconditionals="0" statements="0" coveredstatements="0" elements="0" coveredelements="0"/>
      </class>
      <metrics loc="15" ncloc="12" classes="0" methods="0" coveredmethods="0" conditionals="0" coveredconditionals="0" statements="0" coveredstatements="0" elements="0" coveredelements="0"/>
    </file>
    <file name="/Users/korben/umbrellio/laravel-pg-extensions/src/Schema/Grammars/PostgresGrammar.php">
      <class name="Umbrellio\Postgres\Schema\Grammars\PostgresGrammar" namespace="global">
        <metrics complexity="26" methods="14" coveredmethods="8" conditionals="22" coveredconditionals="16" statements="31" coveredstatements="25" elements="67" coveredelements="49"/>
      </class>
      <line num="38" type="method" name="compileCreate" visibility="public" complexity="1" crap="1" count="28"/>
      <line num="40" type="stmt" count="28"/>
      <line num="41" type="stmt" count="28"/>
      <line num="43" type="stmt" count="28"/>
      <line num="44" type="stmt" count="28"/>
      <line num="45" type="stmt" count="28"/>
      <line num="46" type="stmt" count="28"/>
      <line num="47" type="stmt" count="28"/>
      <line num="48" type="stmt" count="28"/>
      <line num="87" type="method" name="compileCreateTrigger" visibility="public" complexity="1" crap="2" count="0"/>
      <line num="89" type="stmt" count="0"/>
      <line num="92" type="method" name="compileCreateFunction" visibility="public" complexity="1" crap="2" count="0"/>
      <line num="94" type="stmt" count="0"/>
      <line num="97" type="method" name="compileCreateProcedure" visibility="public" complexity="1" crap="2" count="0"/>
      <line num="99" type="stmt" count="0"/>
      <line num="102" type="method" name="compileDropTrigger" visibility="public" complexity="1" crap="2" count="0"/>
      <line num="104" type="stmt" count="0"/>
      <line num="107" type="method" name="compileDropFunction" visibility="public" complexity="1" crap="2" count="0"/>
      <line num="109" type="stmt" count="0"/>
      <line num="112" type="method" name="compileDropProcedure" visibility="public" complexity="1" crap="2" count="0"/>
      <line num="114" type="stmt" count="0"/>
      <line num="163" type="method" name="compileUniquePartial" visibility="public" complexity="2" crap="2" count="13"/>
      <line num="165" type="stmt" count="13"/>
      <line num="166" type="stmt" count="13"/>
      <line num="167" type="stmt" count="12"/>
      <line num="169" type="stmt" count="1"/>
      <line num="172" type="method" name="compileExclude" visibility="public" complexity="1" crap="1" count="6"/>
      <line num="174" type="stmt" count="6"/>
      <line num="177" type="method" name="compileCheck" visibility="public" complexity="1" crap="1" count="3"/>
      <line num="179" type="stmt" count="3"/>
      <line num="182" type="method" name="typeNumeric" visibility="protected" complexity="4" crap="6.00" count="3"/>
      <line num="184" type="stmt" count="3"/>
      <line num="185" type="stmt" count="3"/>
      <line num="186" type="stmt" count="3"/>
      <line num="188" type="stmt" count="3"/>
      <line num="189" type="stmt" count="1"/>
      <line num="192" type="stmt" count="2"/>
      <line num="193" type="stmt" count="1"/>
      <line num="196" type="stmt" count="1"/>
      <line num="199" type="method" name="typeTsrange" visibility="protected" complexity="1" crap="1" count="1"/>
      <line num="201" type="stmt" count="1"/>
      <line num="204" type="method" name="typeTstzrange" visibility="protected" complexity="1" crap="1" count="1"/>
      <line num="206" type="stmt" count="1"/>
      <line num="209" type="method" name="typeDaterange" visibility="protected" complexity="1" crap="1" count="1"/>
      <line num="211" type="stmt" count="1"/>
      <metrics loc="214" ncloc="193" classes="1" methods="14" coveredmethods="8" conditionals="22" coveredconditionals="16" statements="31" coveredstatements="25" elements="67" coveredelements="49"/>
    </file>
    <file name="/Users/korben/umbrellio/laravel-pg-extensions/src/Schema/Types/DateRangeType.php">
      <class name="Umbrellio\Postgres\Schema\Types\DateRangeType" namespace="global">
        <metrics complexity="2" methods="2" coveredmethods="2" conditionals="2" coveredconditionals="2" statements="2" coveredstatements="2" elements="6" coveredelements="6"/>
      </class>
      <line num="14" type="method" name="getSQLDeclaration" visibility="public" complexity="1" crap="1" count="1"/>
      <line num="16" type="stmt" count="1"/>
      <line num="19" type="method" name="getName" visibility="public" complexity="1" crap="1" count="1"/>
      <line num="21" type="stmt" count="1"/>
      <metrics loc="24" ncloc="24" classes="1" methods="2" coveredmethods="2" conditionals="2" coveredconditionals="2" statements="2" coveredstatements="2" elements="6" coveredelements="6"/>
    </file>
    <file name="/Users/korben/umbrellio/laravel-pg-extensions/src/Schema/Types/NumericType.php">
      <class name="Umbrellio\Postgres\Schema\Types\NumericType" namespace="global">
        <metrics complexity="2" methods="2" coveredmethods="2" conditionals="2" coveredconditionals="2" statements="2" coveredstatements="2" elements="6" coveredelements="6"/>
      </class>
      <line num="14" type="method" name="getSQLDeclaration" visibility="public" complexity="1" crap="1" count="1"/>
      <line num="16" type="stmt" count="1"/>
      <line num="19" type="method" name="getName" visibility="public" complexity="1" crap="1" count="1"/>
      <line num="21" type="stmt" count="1"/>
      <metrics loc="24" ncloc="24" classes="1" methods="2" coveredmethods="2" conditionals="2" coveredconditionals="2" statements="2" coveredstatements="2" elements="6" coveredelements="6"/>
    </file>
    <file name="/Users/korben/umbrellio/laravel-pg-extensions/src/Schema/Types/TsRangeType.php">
      <class name="Umbrellio\Postgres\Schema\Types\TsRangeType" namespace="global">
        <metrics complexity="2" methods="2" coveredmethods="2" conditionals="2" coveredconditionals="2" statements="2" coveredstatements="2" elements="6" coveredelements="6"/>
      </class>
      <line num="14" type="method" name="getSQLDeclaration" visibility="public" complexity="1" crap="1" count="1"/>
      <line num="16" type="stmt" count="1"/>
      <line num="19" type="method" name="getName" visibility="public" complexity="1" crap="1" count="1"/>
      <line num="21" type="stmt" count="1"/>
      <metrics loc="24" ncloc="24" classes="1" methods="2" coveredmethods="2" conditionals="2" coveredconditionals="2" statements="2" coveredstatements="2" elements="6" coveredelements="6"/>
    </file>
    <file name="/Users/korben/umbrellio/laravel-pg-extensions/src/Schema/Types/TsTzRangeType.php">
      <class name="Umbrellio\Postgres\Schema\Types\TsTzRangeType" namespace="global">
        <metrics complexity="2" methods="2" coveredmethods="2" conditionals="2" coveredconditionals="2" statements="2" coveredstatements="2" elements="6" coveredelements="6"/>
      </class>
      <line num="14" type="method" name="getSQLDeclaration" visibility="public" complexity="1" crap="1" count="1"/>
      <line num="16" type="stmt" count="1"/>
      <line num="19" type="method" name="getName" visibility="public" complexity="1" crap="1" count="1"/>
      <line num="21" type="stmt" count="1"/>
      <metrics loc="24" ncloc="24" classes="1" methods="2" coveredmethods="2" conditionals="2" coveredconditionals="2" statements="2" coveredstatements="2" elements="6" coveredelements="6"/>
    </file>
    <file name="/Users/korben/umbrellio/laravel-pg-extensions/src/UmbrellioPostgresProvider.php">
      <class name="Umbrellio\Postgres\UmbrellioPostgresProvider" namespace="global">
        <metrics complexity="1" methods="0" coveredmethods="0" conditionals="0" coveredconditionals="0" statements="0" coveredstatements="0" elements="0" coveredelements="0"/>
      </class>
      <metrics loc="40" ncloc="37" classes="0" methods="0" coveredmethods="0" conditionals="0" coveredconditionals="0" statements="0" coveredstatements="0" elements="0" coveredelements="0"/>
    </file>
    <metrics files="86" loc="2780" ncloc="2427" classes="32" methods="115" coveredmethods="86" conditionals="198" coveredconditionals="172" statements="327" coveredstatements="266" elements="640" coveredelements="524"/>
  </project>
</coverage>
